<?xml version="1.0" encoding="UTF-8"?>
<testsuite xmlns:xsi="http://www.w3.org/2001/XMLSchema-instance" xsi:noNamespaceSchemaLocation="https://maven.apache.org/surefire/maven-surefire-plugin/xsd/surefire-test-report-3.0.xsd" version="3.0" name="com.lhauspie.example.ClientLibraryTest" time="0.03" tests="1" errors="0" skipped="0" failures="0">
  <properties>
    <property name="java.specification.version" value="17"/>
    <property name="sun.jnu.encoding" value="UTF-8"/>
    <property name="java.class.path" value="/Users/lhauspie/projects/perso/sources/micro-backend-example/complex-js/business-logic-client-lib/java/js-java-business-logic-client-lib/target/test-classes:/Users/lhauspie/projects/perso/sources/micro-backend-example/complex-js/business-logic-client-lib/java/js-java-business-logic-client-lib/target/classes:/Users/lhauspie/.m2/repository/com/squareup/okhttp3/okhttp/4.9.3/okhttp-4.9.3.jar:/Users/lhauspie/.m2/repository/com/squareup/okio/okio/2.8.0/okio-2.8.0.jar:/Users/lhauspie/.m2/repository/org/jetbrains/kotlin/kotlin-stdlib-common/1.4.0/kotlin-stdlib-common-1.4.0.jar:/Users/lhauspie/.m2/repository/org/jetbrains/kotlin/kotlin-stdlib/1.4.10/kotlin-stdlib-1.4.10.jar:/Users/lhauspie/.m2/repository/org/jetbrains/annotations/13.0/annotations-13.0.jar:/Users/lhauspie/.m2/repository/org/graalvm/js/js/21.1.0/js-21.1.0.jar:/Users/lhauspie/.m2/repository/org/graalvm/regex/regex/21.1.0/regex-21.1.0.jar:/Users/lhauspie/.m2/repository/org/graalvm/truffle/truffle-api/21.1.0/truffle-api-21.1.0.jar:/Users/lhauspie/.m2/repository/org/graalvm/sdk/graal-sdk/21.1.0/graal-sdk-21.1.0.jar:/Users/lhauspie/.m2/repository/com/ibm/icu/icu4j/68.2/icu4j-68.2.jar:/Users/lhauspie/.m2/repository/org/junit/jupiter/junit-jupiter/5.6.3/junit-jupiter-5.6.3.jar:/Users/lhauspie/.m2/repository/org/junit/jupiter/junit-jupiter-api/5.6.3/junit-jupiter-api-5.6.3.jar:/Users/lhauspie/.m2/repository/org/apiguardian/apiguardian-api/1.1.0/apiguardian-api-1.1.0.jar:/Users/lhauspie/.m2/repository/org/opentest4j/opentest4j/1.2.0/opentest4j-1.2.0.jar:/Users/lhauspie/.m2/repository/org/junit/platform/junit-platform-commons/1.6.3/junit-platform-commons-1.6.3.jar:/Users/lhauspie/.m2/repository/org/junit/jupiter/junit-jupiter-params/5.6.3/junit-jupiter-params-5.6.3.jar:/Users/lhauspie/.m2/repository/org/junit/jupiter/junit-jupiter-engine/5.6.3/junit-jupiter-engine-5.6.3.jar:/Users/lhauspie/.m2/repository/org/junit/platform/junit-platform-engine/1.6.3/junit-platform-engine-1.6.3.jar:/Users/lhauspie/.m2/repository/com/github/tomakehurst/wiremock/1.58/wiremock-1.58.jar:/Users/lhauspie/.m2/repository/org/apache/httpcomponents/httpclient/4.5/httpclient-4.5.jar:/Users/lhauspie/.m2/repository/org/apache/httpcomponents/httpcore/4.4.1/httpcore-4.4.1.jar:/Users/lhauspie/.m2/repository/commons-logging/commons-logging/1.2/commons-logging-1.2.jar:/Users/lhauspie/.m2/repository/commons-codec/commons-codec/1.9/commons-codec-1.9.jar:/Users/lhauspie/.m2/repository/com/fasterxml/jackson/core/jackson-core/2.6.0/jackson-core-2.6.0.jar:/Users/lhauspie/.m2/repository/xmlunit/xmlunit/1.6/xmlunit-1.6.jar:/Users/lhauspie/.m2/repository/org/mortbay/jetty/jetty/6.1.26/jetty-6.1.26.jar:/Users/lhauspie/.m2/repository/org/mortbay/jetty/jetty-util/6.1.26/jetty-util-6.1.26.jar:/Users/lhauspie/.m2/repository/org/mortbay/jetty/servlet-api/2.5-20081211/servlet-api-2.5-20081211.jar:/Users/lhauspie/.m2/repository/com/fasterxml/jackson/core/jackson-databind/2.6.0/jackson-databind-2.6.0.jar:/Users/lhauspie/.m2/repository/org/skyscreamer/jsonassert/1.2.3/jsonassert-1.2.3.jar:/Users/lhauspie/.m2/repository/org/json/json/20090211/json-20090211.jar:/Users/lhauspie/.m2/repository/com/jayway/jsonpath/json-path/0.8.1/json-path-0.8.1.jar:/Users/lhauspie/.m2/repository/net/minidev/json-smart/1.1.1/json-smart-1.1.1.jar:/Users/lhauspie/.m2/repository/commons-lang/commons-lang/2.6/commons-lang-2.6.jar:/Users/lhauspie/.m2/repository/com/fasterxml/jackson/core/jackson-annotations/2.6.0/jackson-annotations-2.6.0.jar:/Users/lhauspie/.m2/repository/net/sf/jopt-simple/jopt-simple/4.9/jopt-simple-4.9.jar:/Users/lhauspie/.m2/repository/org/slf4j/slf4j-api/1.7.12/slf4j-api-1.7.12.jar:/Users/lhauspie/.m2/repository/com/google/guava/guava/18.0/guava-18.0.jar:"/>
    <property name="java.vm.vendor" value="Eclipse Adoptium"/>
    <property name="sun.arch.data.model" value="64"/>
    <property name="java.vendor.url" value="https://adoptium.net/"/>
    <property name="os.name" value="Mac OS X"/>
    <property name="java.vm.specification.version" value="17"/>
    <property name="sun.java.launcher" value="SUN_STANDARD"/>
    <property name="user.country" value="FR"/>
    <property name="sun.boot.library.path" value="/Users/lhauspie/.asdf/installs/java/adoptopenjdk-17.0.11+9/lib"/>
    <property name="sun.java.command" value="/Users/lhauspie/projects/perso/sources/micro-backend-example/complex-js/business-logic-client-lib/java/js-java-business-logic-client-lib/target/surefire/surefirebooter-20240701221840034_3.jar /Users/lhauspie/projects/perso/sources/micro-backend-example/complex-js/business-logic-client-lib/java/js-java-business-logic-client-lib/target/surefire 2024-07-01T22-18-38_225-jvmRun1 surefire-20240701221840034_1tmp surefire_0-20240701221840034_2tmp"/>
    <property name="http.nonProxyHosts" value="local|*.local|169.254/16|*.169.254/16"/>
    <property name="jdk.debug" value="release"/>
    <property name="surefire.test.class.path" value="/Users/lhauspie/projects/perso/sources/micro-backend-example/complex-js/business-logic-client-lib/java/js-java-business-logic-client-lib/target/test-classes:/Users/lhauspie/projects/perso/sources/micro-backend-example/complex-js/business-logic-client-lib/java/js-java-business-logic-client-lib/target/classes:/Users/lhauspie/.m2/repository/com/squareup/okhttp3/okhttp/4.9.3/okhttp-4.9.3.jar:/Users/lhauspie/.m2/repository/com/squareup/okio/okio/2.8.0/okio-2.8.0.jar:/Users/lhauspie/.m2/repository/org/jetbrains/kotlin/kotlin-stdlib-common/1.4.0/kotlin-stdlib-common-1.4.0.jar:/Users/lhauspie/.m2/repository/org/jetbrains/kotlin/kotlin-stdlib/1.4.10/kotlin-stdlib-1.4.10.jar:/Users/lhauspie/.m2/repository/org/jetbrains/annotations/13.0/annotations-13.0.jar:/Users/lhauspie/.m2/repository/org/graalvm/js/js/21.1.0/js-21.1.0.jar:/Users/lhauspie/.m2/repository/org/graalvm/regex/regex/21.1.0/regex-21.1.0.jar:/Users/lhauspie/.m2/repository/org/graalvm/truffle/truffle-api/21.1.0/truffle-api-21.1.0.jar:/Users/lhauspie/.m2/repository/org/graalvm/sdk/graal-sdk/21.1.0/graal-sdk-21.1.0.jar:/Users/lhauspie/.m2/repository/com/ibm/icu/icu4j/68.2/icu4j-68.2.jar:/Users/lhauspie/.m2/repository/org/junit/jupiter/junit-jupiter/5.6.3/junit-jupiter-5.6.3.jar:/Users/lhauspie/.m2/repository/org/junit/jupiter/junit-jupiter-api/5.6.3/junit-jupiter-api-5.6.3.jar:/Users/lhauspie/.m2/repository/org/apiguardian/apiguardian-api/1.1.0/apiguardian-api-1.1.0.jar:/Users/lhauspie/.m2/repository/org/opentest4j/opentest4j/1.2.0/opentest4j-1.2.0.jar:/Users/lhauspie/.m2/repository/org/junit/platform/junit-platform-commons/1.6.3/junit-platform-commons-1.6.3.jar:/Users/lhauspie/.m2/repository/org/junit/jupiter/junit-jupiter-params/5.6.3/junit-jupiter-params-5.6.3.jar:/Users/lhauspie/.m2/repository/org/junit/jupiter/junit-jupiter-engine/5.6.3/junit-jupiter-engine-5.6.3.jar:/Users/lhauspie/.m2/repository/org/junit/platform/junit-platform-engine/1.6.3/junit-platform-engine-1.6.3.jar:/Users/lhauspie/.m2/repository/com/github/tomakehurst/wiremock/1.58/wiremock-1.58.jar:/Users/lhauspie/.m2/repository/org/apache/httpcomponents/httpclient/4.5/httpclient-4.5.jar:/Users/lhauspie/.m2/repository/org/apache/httpcomponents/httpcore/4.4.1/httpcore-4.4.1.jar:/Users/lhauspie/.m2/repository/commons-logging/commons-logging/1.2/commons-logging-1.2.jar:/Users/lhauspie/.m2/repository/commons-codec/commons-codec/1.9/commons-codec-1.9.jar:/Users/lhauspie/.m2/repository/com/fasterxml/jackson/core/jackson-core/2.6.0/jackson-core-2.6.0.jar:/Users/lhauspie/.m2/repository/xmlunit/xmlunit/1.6/xmlunit-1.6.jar:/Users/lhauspie/.m2/repository/org/mortbay/jetty/jetty/6.1.26/jetty-6.1.26.jar:/Users/lhauspie/.m2/repository/org/mortbay/jetty/jetty-util/6.1.26/jetty-util-6.1.26.jar:/Users/lhauspie/.m2/repository/org/mortbay/jetty/servlet-api/2.5-20081211/servlet-api-2.5-20081211.jar:/Users/lhauspie/.m2/repository/com/fasterxml/jackson/core/jackson-databind/2.6.0/jackson-databind-2.6.0.jar:/Users/lhauspie/.m2/repository/org/skyscreamer/jsonassert/1.2.3/jsonassert-1.2.3.jar:/Users/lhauspie/.m2/repository/org/json/json/20090211/json-20090211.jar:/Users/lhauspie/.m2/repository/com/jayway/jsonpath/json-path/0.8.1/json-path-0.8.1.jar:/Users/lhauspie/.m2/repository/net/minidev/json-smart/1.1.1/json-smart-1.1.1.jar:/Users/lhauspie/.m2/repository/commons-lang/commons-lang/2.6/commons-lang-2.6.jar:/Users/lhauspie/.m2/repository/com/fasterxml/jackson/core/jackson-annotations/2.6.0/jackson-annotations-2.6.0.jar:/Users/lhauspie/.m2/repository/net/sf/jopt-simple/jopt-simple/4.9/jopt-simple-4.9.jar:/Users/lhauspie/.m2/repository/org/slf4j/slf4j-api/1.7.12/slf4j-api-1.7.12.jar:/Users/lhauspie/.m2/repository/com/google/guava/guava/18.0/guava-18.0.jar:"/>
    <property name="sun.cpu.endian" value="little"/>
    <property name="user.home" value="/Users/lhauspie"/>
    <property name="user.language" value="fr"/>
    <property name="java.specification.vendor" value="Oracle Corporation"/>
    <property name="java.version.date" value="2024-04-16"/>
    <property name="java.home" value="/Users/lhauspie/.asdf/installs/java/adoptopenjdk-17.0.11+9"/>
    <property name="file.separator" value="/"/>
    <property name="basedir" value="/Users/lhauspie/projects/perso/sources/micro-backend-example/complex-js/business-logic-client-lib/java/js-java-business-logic-client-lib"/>
    <property name="java.vm.compressedOopsMode" value="Zero based"/>
    <property name="line.separator" value="&#10;"/>
    <property name="java.specification.name" value="Java Platform API Specification"/>
    <property name="java.vm.specification.vendor" value="Oracle Corporation"/>
    <property name="surefire.real.class.path" value="/Users/lhauspie/projects/perso/sources/micro-backend-example/complex-js/business-logic-client-lib/java/js-java-business-logic-client-lib/target/surefire/surefirebooter-20240701221840034_3.jar"/>
    <property name="sun.management.compiler" value="HotSpot 64-Bit Tiered Compilers"/>
    <property name="ftp.nonProxyHosts" value="local|*.local|169.254/16|*.169.254/16"/>
    <property name="java.runtime.version" value="17.0.11+9"/>
    <property name="user.name" value="lhauspie"/>
    <property name="path.separator" value=":"/>
    <property name="os.version" value="14.5"/>
    <property name="java.runtime.name" value="OpenJDK Runtime Environment"/>
    <property name="file.encoding" value="UTF-8"/>
    <property name="java.vm.name" value="OpenJDK 64-Bit Server VM"/>
    <property name="java.vendor.version" value="Temurin-17.0.11+9"/>
    <property name="localRepository" value="/Users/lhauspie/.m2/repository"/>
    <property name="java.vendor.url.bug" value="https://github.com/adoptium/adoptium-support/issues"/>
    <property name="java.io.tmpdir" value="/var/folders/n6/h5j158650tv35hfpp2k7z2jc0000gn/T/"/>
    <property name="java.version" value="17.0.11"/>
    <property name="user.dir" value="/Users/lhauspie/projects/perso/sources/micro-backend-example/complex-js/business-logic-client-lib/java/js-java-business-logic-client-lib"/>
    <property name="os.arch" value="x86_64"/>
    <property name="java.vm.specification.name" value="Java Virtual Machine Specification"/>
    <property name="native.encoding" value="UTF-8"/>
    <property name="java.library.path" value="/Users/lhauspie/Library/Java/Extensions:/Library/Java/Extensions:/Network/Library/Java/Extensions:/System/Library/Java/Extensions:/usr/lib/java:."/>
    <property name="java.vm.info" value="mixed mode"/>
    <property name="java.vendor" value="Eclipse Adoptium"/>
    <property name="java.vm.version" value="17.0.11+9"/>
    <property name="sun.io.unicode.encoding" value="UnicodeBig"/>
    <property name="socksNonProxyHosts" value="local|*.local|169.254/16|*.169.254/16"/>
    <property name="java.class.version" value="61.0"/>
  </properties>
  <testcase name="test" classname="com.lhauspie.example.ClientLibraryTest" time="0.016"/>
</testsuite>